{
  "RSpec": {
    "coverage": {
      "/Users/Billy/Dev/ticketee/app/helpers/admin/permissions_helper.rb": [
        0,
        0,
        null,
        null,
        null,
        null,
        null,
        0,
        null,
        null
      ],
      "/Users/Billy/Dev/ticketee/app/helpers/admin/users_helper.rb": [
        0,
        null
      ],
      "/Users/Billy/Dev/ticketee/app/helpers/application_helper.rb": [
        0,
        0,
        0,
        0,
        0,
        null,
        null,
        null,
        null,
        0,
        0,
        null,
        null,
        0,
        0,
        null,
        null,
        null
      ],
      "/Users/Billy/Dev/ticketee/app/helpers/projects_helper.rb": [
        0,
        null
      ],
      "/Users/Billy/Dev/ticketee/app/helpers/tickets_helper.rb": [
        0,
        null
      ],
      "/Users/Billy/Dev/ticketee/app/helpers/users_helper.rb": [
        0,
        null
      ],
      "/Users/Billy/Dev/ticketee/spec/support/authentication_helpers.rb": [
        0,
        0,
        0,
        0,
        0,
        0,
        0,
        null,
        null,
        null,
        0,
        0,
        null
      ],
      "/Users/Billy/Dev/ticketee/spec/support/authorization_helpers.rb": [
        0,
        0,
        0,
        null,
        null,
        0,
        0,
        null,
        null,
        null,
        0,
        0,
        null
      ],
      "/Users/Billy/Dev/ticketee/spec/support/capybara_helpers.rb": [
        0,
        0,
        0,
        null,
        null,
        0,
        0,
        null,
        null,
        null,
        0,
        0,
        null
      ],
      "/Users/Billy/Dev/ticketee/spec/support/factories/project_factory.rb": [
        0,
        0,
        0,
        null,
        null
      ],
      "/Users/Billy/Dev/ticketee/spec/support/factories/ticket_factory.rb": [
        0,
        0,
        0,
        0,
        null,
        null
      ],
      "/Users/Billy/Dev/ticketee/spec/support/factories/user_factory.rb": [
        0,
        0,
        0,
        0,
        0,
        null,
        0,
        0,
        0,
        null,
        null,
        null,
        0,
        0,
        0,
        0,
        null,
        null,
        null,
        null
      ]
    },
    "timestamp": 1369279407
  }
}
