{
  "RSpec": {
    "coverage": {
      "/Users/Billy/Dev/ticketee/config/environment.rb": [
        null,
        1,
        null,
        null,
        1
      ],
      "/Users/Billy/Dev/ticketee/config/application.rb": [
        1,
        null,
        1,
        null,
        1,
        null,
        1,
        null,
        null,
        null,
        null,
        1,
        1,
        null,
        null,
        null,
        null,
        null,
        null,
        null,
        null,
        null,
        null,
        null,
        null,
        null,
        null,
        null,
        null,
        null,
        null,
        null,
        null,
        null,
        null,
        null,
        1,
        null,
        null,
        1,
        null,
        null,
        1,
        null,
        null,
        null,
        null,
        null,
        null,
        null,
        null,
        null,
        null,
        1,
        null,
        null,
        1,
        null,
        null,
        1,
        null,
        null
      ],
      "/Users/Billy/Dev/ticketee/config/boot.rb": [
        1,
        null,
        null,
        1,
        null,
        1
      ],
      "/Users/Billy/Dev/ticketee/config/environments/test.rb": [
        1,
        null,
        null,
        null,
        null,
        null,
        null,
        1,
        null,
        null,
        1,
        1,
        null,
        null,
        1,
        null,
        null,
        1,
        1,
        null,
        null,
        1,
        null,
        null,
        1,
        null,
        null,
        null,
        null,
        1,
        null,
        null,
        1,
        null,
        null,
        1,
        null,
        1,
        null,
        null,
        null
      ],
      "/Users/Billy/Dev/ticketee/config/initializers/backtrace_silencers.rb": [
        null,
        null,
        null,
        null,
        null,
        null,
        null
      ],
      "/Users/Billy/Dev/ticketee/config/initializers/devise.rb": [
        null,
        null,
        1,
        null,
        null,
        null,
        1,
        null,
        null,
        null,
        null,
        null,
        1,
        null,
        null,
        null,
        null,
        null,
        1,
        null,
        null,
        null,
        null,
        null,
        null,
        null,
        null,
        null,
        null,
        null,
        null,
        null,
        null,
        null,
        null,
        null,
        null,
        null,
        null,
        null,
        1,
        null,
        null,
        null,
        null,
        1,
        null,
        null,
        null,
        null,
        null,
        null,
        null,
        null,
        null,
        null,
        null,
        null,
        null,
        null,
        null,
        null,
        null,
        null,
        null,
        null,
        null,
        null,
        null,
        null,
        null,
        null,
        null,
        null,
        null,
        1,
        null,
        null,
        null,
        null,
        null,
        null,
        null,
        null,
        1,
        null,
        null,
        null,
        null,
        null,
        null,
        null,
        null,
        null,
        null,
        null,
        null,
        null,
        null,
        null,
        null,
        1,
        null,
        null,
        null,
        null,
        null,
        null,
        null,
        null,
        null,
        null,
        null,
        null,
        null,
        1,
        null,
        null,
        null,
        null,
        null,
        null,
        null,
        null,
        null,
        null,
        null,
        null,
        null,
        null,
        null,
        null,
        null,
        null,
        null,
        null,
        null,
        null,
        null,
        null,
        null,
        null,
        null,
        null,
        null,
        null,
        null,
        null,
        null,
        null,
        null,
        null,
        null,
        null,
        null,
        null,
        null,
        null,
        null,
        null,
        null,
        null,
        null,
        null,
        null,
        null,
        1,
        null,
        null,
        null,
        null,
        null,
        null,
        null,
        null,
        null,
        null,
        null,
        null,
        null,
        null,
        null,
        null,
        null,
        null,
        null,
        null,
        null,
        null,
        null,
        null,
        null,
        null,
        null,
        null,
        null,
        null,
        null,
        null,
        null,
        null,
        null,
        null,
        null,
        null,
        null,
        null,
        1,
        null,
        null,
        null,
        null,
        null,
        null,
        null,
        null,
        null,
        null,
        null,
        null,
        null,
        null,
        null
      ],
      "/Users/Billy/Dev/ticketee/config/initializers/inflections.rb": [
        null,
        null,
        null,
        null,
        null,
        null,
        null,
        null,
        null,
        null,
        null,
        null,
        null,
        null,
        null
      ],
      "/Users/Billy/Dev/ticketee/config/initializers/mime_types.rb": [
        null,
        null,
        null,
        null,
        null
      ],
      "/Users/Billy/Dev/ticketee/config/initializers/secret_token.rb": [
        null,
        null,
        null,
        null,
        null,
        null,
        1
      ],
      "/Users/Billy/Dev/ticketee/config/initializers/session_store.rb": [
        null,
        null,
        1,
        null,
        null,
        null,
        null,
        null
      ],
      "/Users/Billy/Dev/ticketee/config/initializers/wrap_parameters.rb": [
        null,
        null,
        null,
        null,
        null,
        null,
        1,
        1,
        null,
        null,
        null,
        1,
        1,
        null
      ],
      "/Users/Billy/Dev/ticketee/config/routes.rb": [
        1,
        1,
        null,
        1,
        null,
        1,
        1,
        null,
        null,
        1,
        null,
        null,
        null,
        null,
        null,
        null,
        null,
        null,
        null,
        null,
        null,
        null,
        null,
        null,
        null,
        null,
        null,
        null,
        null,
        null,
        null,
        null,
        null,
        null,
        null,
        null,
        null,
        null,
        null,
        null,
        null,
        null,
        null,
        null,
        null,
        null,
        null,
        null,
        null,
        null,
        null,
        null,
        null,
        null,
        null,
        null,
        null,
        null,
        null,
        null,
        null,
        null,
        null,
        null,
        null,
        null,
        null,
        null
      ],
      "/Users/Billy/Dev/ticketee/app/models/user.rb": [
        1,
        null,
        null,
        1,
        null,
        null,
        null,
        null,
        1,
        null,
        null
      ],
      "/Users/Billy/Dev/ticketee/app/controllers/application_controller.rb": [
        1,
        1,
        null,
        1,
        null,
        1,
        15,
        15,
        6,
        6,
        null,
        null,
        null
      ],
      "/Users/Billy/Dev/ticketee/app/helpers/application_helper.rb": [
        1,
        1,
        20,
        20,
        20,
        null,
        null,
        null,
        null,
        1,
        57,
        null,
        null
      ],
      "/Users/Billy/Dev/ticketee/app/helpers/admin/users_helper.rb": [
        1,
        null
      ],
      "/Users/Billy/Dev/ticketee/app/helpers/projects_helper.rb": [
        1,
        null
      ],
      "/Users/Billy/Dev/ticketee/app/helpers/tickets_helper.rb": [
        1,
        null
      ],
      "/Users/Billy/Dev/ticketee/app/controllers/admin/base_controller.rb": [
        1,
        1,
        null
      ],
      "/Users/Billy/Dev/ticketee/app/controllers/admin/users_controller.rb": [
        1,
        1,
        null,
        null
      ],
      "/Users/Billy/Dev/ticketee/app/controllers/projects_controller.rb": [
        1,
        1,
        1,
        null,
        1,
        37,
        null,
        null,
        1,
        2,
        null,
        null,
        1,
        2,
        2,
        null,
        1,
        null,
        1,
        1,
        null,
        null,
        null,
        1,
        null,
        null,
        null,
        1,
        null,
        null,
        null,
        1,
        2,
        1,
        1,
        null,
        1,
        1,
        null,
        null,
        null,
        1,
        1,
        1,
        1,
        null,
        null,
        1,
        1,
        26,
        null,
        1,
        1,
        null,
        null,
        null
      ],
      "/Users/Billy/Dev/ticketee/app/models/project.rb": [
        1,
        1,
        1,
        null,
        1,
        null,
        1,
        0,
        null,
        null
      ],
      "/Users/Billy/Dev/ticketee/app/controllers/tickets_controller.rb": [
        1,
        1,
        1,
        1,
        1,
        3,
        null,
        null,
        1,
        3,
        3,
        3,
        1,
        1,
        null,
        2,
        2,
        null,
        null,
        null,
        1,
        null,
        null,
        1,
        null,
        null,
        1,
        2,
        1,
        1,
        null,
        1,
        1,
        null,
        null,
        null,
        1,
        1,
        1,
        1,
        null,
        null,
        1,
        1,
        17,
        null,
        null,
        1,
        11,
        null,
        null
      ],
      "/Users/Billy/Dev/ticketee/app/models/ticket.rb": [
        1,
        1,
        1,
        1,
        1,
        1,
        null
      ],
      "/Users/Billy/Dev/ticketee/spec/support/authentication_helpers.rb": [
        1,
        1,
        14,
        14,
        14,
        14,
        14,
        null,
        null,
        null,
        1,
        1,
        null
      ],
      "/Users/Billy/Dev/ticketee/spec/support/capybara_helpers.rb": [
        1,
        1,
        6,
        null,
        null,
        1,
        3,
        null,
        null,
        null,
        1,
        1,
        null
      ],
      "/Users/Billy/Dev/ticketee/spec/support/factories/project_factory.rb": [
        1,
        1,
        1,
        null,
        null
      ],
      "/Users/Billy/Dev/ticketee/spec/support/factories/ticket_factory.rb": [
        1,
        1,
        1,
        1,
        null,
        null
      ],
      "/Users/Billy/Dev/ticketee/spec/support/factories/user_factory.rb": [
        1,
        1,
        1,
        1,
        1,
        null,
        1,
        1,
        12,
        null,
        null,
        null,
        1,
        1,
        8,
        8,
        null,
        null,
        null,
        null
      ],
      "/Users/Billy/Dev/ticketee/spec/controllers/projects_controller_spec.rb": [
        1,
        null,
        1,
        6,
        6,
        null,
        1,
        1,
        5,
        null,
        null,
        null,
        null,
        null,
        null,
        1,
        5,
        5,
        5,
        5,
        5,
        null,
        null,
        null,
        null,
        1,
        1,
        1,
        1,
        1,
        null,
        null
      ],
      "/Users/Billy/Dev/ticketee/spec/controllers/tickets_controller_spec.rb": [
        1,
        null,
        1,
        null,
        null
      ],
      "/Users/Billy/Dev/ticketee/spec/integration/creating_projects_spec.rb": [
        1,
        null,
        1,
        1,
        2,
        2,
        2,
        null,
        null,
        1,
        1,
        1,
        1,
        1,
        null,
        1,
        1,
        1,
        1,
        null,
        null,
        1,
        1,
        1,
        1,
        null,
        null,
        null
      ],
      "/Users/Billy/Dev/ticketee/spec/integration/creating_tickets_spec.rb": [
        1,
        null,
        1,
        1,
        3,
        3,
        3,
        null,
        3,
        3,
        3,
        3,
        3,
        null,
        3,
        3,
        3,
        6,
        null,
        null,
        1,
        1,
        1,
        1,
        1,
        1,
        1,
        null,
        null,
        null,
        1,
        1,
        1,
        1,
        1,
        null,
        null,
        1,
        1,
        1,
        1,
        1,
        1,
        null,
        null
      ],
      "/Users/Billy/Dev/ticketee/spec/integration/deleting_projects_spec.rb": [
        1,
        null,
        1,
        1,
        1,
        null,
        null,
        1,
        1,
        1,
        1,
        1,
        1,
        null,
        1,
        1,
        null,
        null
      ],
      "/Users/Billy/Dev/ticketee/spec/integration/deleting_tickets_spec.rb": [
        1,
        null,
        1,
        2,
        2,
        1,
        1,
        1,
        1,
        null,
        null,
        1,
        1,
        1,
        1,
        1,
        null,
        null,
        1,
        1,
        1,
        1,
        null,
        null,
        null
      ],
      "/Users/Billy/Dev/ticketee/spec/integration/editing_projects_spec.rb": [
        1,
        null,
        1,
        1,
        2,
        2,
        2,
        2,
        2,
        null,
        null,
        1,
        1,
        1,
        1,
        null,
        null,
        1,
        1,
        1,
        1,
        null,
        null
      ],
      "/Users/Billy/Dev/ticketee/spec/integration/editing_tickets_spec.rb": [
        1,
        null,
        1,
        3,
        3,
        1,
        2,
        2,
        2,
        null,
        null,
        1,
        2,
        2,
        2,
        2,
        2,
        null,
        null,
        1,
        1,
        1,
        1,
        1,
        1,
        null,
        1,
        null,
        null,
        1,
        1,
        1,
        1,
        null,
        null
      ],
      "/Users/Billy/Dev/ticketee/spec/integration/hidden_links_spec.rb": [
        1,
        null,
        1,
        4,
        4,
        7,
        null,
        1,
        1,
        1,
        1,
        null,
        null,
        1,
        1,
        1,
        null,
        null,
        1,
        1,
        1,
        null,
        null,
        null,
        1,
        4,
        1,
        1,
        1,
        null,
        null,
        1,
        1,
        1,
        null,
        null,
        1,
        1,
        1,
        null,
        null,
        null,
        1,
        4,
        1,
        1,
        1,
        null,
        null,
        1,
        1,
        1,
        null,
        null,
        1,
        1,
        1,
        null,
        null,
        null
      ],
      "/Users/Billy/Dev/ticketee/spec/integration/signing_in_spec.rb": [
        1,
        null,
        1,
        1,
        2,
        null,
        null,
        1,
        1,
        1,
        1,
        1,
        null,
        null,
        1,
        1,
        1,
        1,
        1,
        1,
        1,
        1,
        null,
        null
      ],
      "/Users/Billy/Dev/ticketee/spec/integration/signing_up_spec.rb": [
        1,
        null,
        1,
        1,
        1,
        1,
        1,
        1,
        1,
        1,
        1,
        1,
        null,
        null
      ],
      "/Users/Billy/Dev/ticketee/spec/integration/viewing_projects_spec.rb": [
        1,
        null,
        1,
        1,
        1,
        1,
        1,
        1,
        null,
        null
      ],
      "/Users/Billy/Dev/ticketee/spec/integration/viewing_tickets_spec.rb": [
        1,
        null,
        1,
        1,
        1,
        1,
        1,
        1,
        null,
        1,
        1,
        null,
        1,
        null,
        null,
        1,
        1,
        1,
        1,
        null,
        1,
        1,
        1,
        null,
        1,
        null,
        null
      ]
    },
    "timestamp": 1368674133
  }
}
